2019-11-30 14:56:16 INFO  datacenter.taskschedular.Controller:15 - Application Starting.....
2019-11-30 14:56:16 INFO  datacenter.taskschedular.Controller:32 - Controller_start:
2019-11-30 14:56:16 INFO  datacenter.taskschedular.Controller:160 - Idle jobs--->j001
2019-11-30 14:56:16 INFO  datacenter.taskschedular.Controller:160 - Idle jobs--->j002
2019-11-30 14:56:16 INFO  datacenter.taskschedular.Controller:109 - rowCount2
2019-11-30 14:56:16 INFO  datacenter.taskschedular.Controller:132 - Task inforamtion:
2019-11-30 14:56:16 INFO  datacenter.taskschedular.Controller:134 - j004
2019-11-30 14:56:16 INFO  datacenter.taskschedular.Controller:134 - t005
2019-11-30 14:56:16 INFO  datacenter.taskschedular.Controller:134 - 2
2019-11-30 14:56:16 INFO  datacenter.taskschedular.Controller:134 - single
2019-11-30 14:56:16 INFO  datacenter.taskschedular.Controller:132 - Task inforamtion:
2019-11-30 14:56:16 INFO  datacenter.taskschedular.Controller:134 - j003
2019-11-30 14:56:16 INFO  datacenter.taskschedular.Controller:134 - t009
2019-11-30 14:56:16 INFO  datacenter.taskschedular.Controller:134 - 3
2019-11-30 14:56:16 INFO  datacenter.taskschedular.Controller:134 - single
2019-11-30 14:56:16 INFO  datacenter.taskschedular.Controller:66 - After Rerouting--->
2019-11-30 14:56:16 INFO  datacenter.taskschedular.Controller:73 - Task_idt005
2019-11-30 14:56:16 INFO  datacenter.taskschedular.Controller:74 - New updated job_idj001
2019-11-30 14:56:16 INFO  datacenter.taskschedular.Controller:73 - Task_idt009
2019-11-30 14:56:16 INFO  datacenter.taskschedular.Controller:74 - New updated job_idj002
